2019-09-30 12:13:54 - MOD: Modification Default
FILE: system/engine/action.php
REGEX: ~(require|include)(_once)?\(([^)]+)~
LINE: 39
FILE: system/engine/loader.php
REGEX: ~(require|include)(_once)?\(([^)]+)~
LINE: 20
LINE: 59
LINE: 80
LINE: 99
FILE: system/library/config.php
REGEX: ~(require|include)(_once)?\(([^)]+)~
LINE: 23
FILE: system/library/language.php
REGEX: ~(require|include)(_once)?\(([^)]+)~
LINE: 25
LINE: 31
----------------------------------------------------------------
MOD: Tweak for OpenCart 2x Russkaya sborka
FILE: admin/view/template/common/header.tpl
CODE: <?php foreach ($links as $link) { ?>
LINE: 35
CODE: <script type="text/javascript" src="view/javascript/summernote/summernote.js"></script>
LINE: 18
CODE: <li><a href="http://www.opencart.com" target="_blank"><?php echo $text_homepage; ?></a></li>
LINE: 80
CODE: <li><a href="http://docs.opencart.com" target="_blank"><?php echo $text_documentation; ?></a></li>
LINE: 83
CODE: <li><a href="http://forum.opencart.com" target="_blank"><?php echo $text_support; ?></a></li>
LINE: 86
FILE: admin/view/template/catalog/product_form.tpl
CODE: <label class="col-sm-2 control-label" for="input-sku"><span data-toggle="tooltip" title="<?php echo $help_sku; ?>"><?php echo $entry_sku; ?></span></label>
LINE: 116
CODE: <label class="col-sm-2 control-label" for="input-sku">
LINE: 122
CODE: <label class="col-sm-2 control-label" for="input-location"><?php echo $entry_location; ?></label>
LINE: 162
CODE: <input type="text" name="model" value="<?php echo $model; ?>" placeholder="<?php echo $entry_model; ?>" id="input-model" class="form-control" />
LINE: 108
FILE: admin/view/template/common/menu.tpl
CODE: <li><a href="<?php echo $analytics; ?>"><?php echo $text_analytics; ?></a></li>
LINE: 25
CODE: <li><a href="<?php echo $total; ?>"><?php echo $text_total; ?></a></li>
LINE: 36
FILE: admin/model/catalog/category.php
CODE: if (isset($data['keyword'])) {
LINE: 49
FILE: admin/controller/tool/backup.php
CODE: $data['entry_backup'] = $this->language->get('entry_backup');
LINE: 38
FILE: admin/controller\tool\error_log.php
CODE: $this->response->addheader('Content-Disposition: attachment; filename=' . $this->config->get('config_name') . '_' . date('Y-m-d_H-i-s', time()) . '_error.log');
LINE: 95
FILE: admin/view/template/design/banner_form.tpl
CODE: html += '  <td class="text-right" style="width: 10%;><input type="text" name="banner_image[' + image_row + '][sort_order]" value="" placeholder="<?php echo $entry_sort_order; ?>" class="form-control" /></td>';
LINE: 106
----------------------------------------------------------------
MOD: Ajax поиск
FILE: catalog/model/catalog/product.php
CODE: public function getProducts($data = array()) {
LINE: 232
FILE: catalog/language/english/common/header.php
CODE: // Text
LINE: 14
FILE: catalog/language/russian/common/header.php
CODE: // Text
LINE: 14
FILE: catalog/controller/common/header.php
CODE: public function index() {
LINE: 30
CODE: public function index() {
LINE: 129
FILE: catalog/view/theme/default/template/common/header.tpl
CODE: </header>
LINE: 236
FILE: catalog/view/theme/mi/template/common/header.tpl
CODE: </header>
LINE: 290
FILE: admin/language/english/setting/setting.php
CODE: $_['heading_title']
LINE: 38
FILE: admin/language/russian/setting/setting.php
CODE: $_['heading_title']
LINE: 38
FILE: admin/controller/setting/setting.php
CODE: if (!$this->request->post['config_name']) {
LINE: 1343
CODE: $data['tab_server'] = $this->language->get('tab_server');
LINE: 279
CODE: if (isset($this->request->post['config_error_filename'])) {
LINE: 1465
FILE: admin/view/template/setting/setting.tpl
CODE: <li><a href="#tab-server" data-toggle="tab"><?php echo $tab_server; ?></a></li>
LINE: 53
CODE: <div class="tab-pane" id="tab-server">
LINE: 1484
----------------------------------------------------------------
MOD: Brand and Web template
FILE: catalog/controller/product/product.php
CODE: $this->document->addStyle('catalog/view/javascript/jquery/datetimepicker/bootstrap-datetimepicker.min.css');
LINE: 230
FILE: catalog/controller/product/search.php
CODE: 'filter_description'  => $description,
LINE: 202
FILE: catalog/controller/common/footer.php
CODE: $this->load->model('catalog/information');
LINE: 22
----------------------------------------------------------------
MOD: Дополнительные позиции BWtheme
FILE: admin/controller/design/layout.php
CODE: $this->response->setOutput($this->load->view('design/layout_form.tpl', $data));
LINE: 408
CODE: $data['text_column_right'] = $this->language->get('text_column_right');
LINE: 277
FILE: admin/language/english/design/layout.php
CODE: $_['text_column_right']
LINE: 21
FILE: admin/language/russian/design/layout.php
CODE: $_['text_column_right']
LINE: 21
CODE: $_['text_column_right']
LINE: 29
FILE: admin/view/template/design/layout_form.tpl
CODE: html += '    <option value="column_right"><?php echo $text_column_right; ?></option>';
LINE: 185
CODE: <option value="column_right"><?php echo $text_column_right; ?></option>
LINE: 129
FILE: catalog/controller/common/column_left.php
CODE: public function index() {
LINE: 93
CODE: <body class="<?php echo $class; ?>">
LINE: 44
CODE: <div class="upmenu"></div>
NOT FOUND!
CODE: <body class="<?php echo $class; ?>">
LINE: 45
CODE: <div class="upmenu"></div>
LINE: 139
FILE: catalog/view/theme/default/template/common/footer.tpl
CODE: <footer>
LINE: 5
CODE: <div class="container">
LINE: 11
CODE: <?php echo $powered; ?>
LINE: 56
CODE: <div class="col-sm-3 text-right snetwork">
NOT FOUND!
FILE: catalog/view/theme/mi/template/common/footer.tpl
CODE: <footer>
LINE: 5
CODE: <div class="container">
LINE: 11
CODE: <?php echo $powered; ?>
LINE: 60
CODE: <div class="col-sm-3 text-right snetwork">
LINE: 67
----------------------------------------------------------------
2019-09-30 12:14:00 - MOD: Modification Default
FILE: system/engine/action.php
REGEX: ~(require|include)(_once)?\(([^)]+)~
LINE: 39
FILE: system/engine/loader.php
REGEX: ~(require|include)(_once)?\(([^)]+)~
LINE: 20
LINE: 59
LINE: 80
LINE: 99
FILE: system/library/config.php
REGEX: ~(require|include)(_once)?\(([^)]+)~
LINE: 23
FILE: system/library/language.php
REGEX: ~(require|include)(_once)?\(([^)]+)~
LINE: 25
LINE: 31
----------------------------------------------------------------
MOD: Tweak for OpenCart 2x Russkaya sborka
FILE: admin/view/template/common/header.tpl
CODE: <?php foreach ($links as $link) { ?>
LINE: 35
CODE: <script type="text/javascript" src="view/javascript/summernote/summernote.js"></script>
LINE: 18
CODE: <li><a href="http://www.opencart.com" target="_blank"><?php echo $text_homepage; ?></a></li>
LINE: 80
CODE: <li><a href="http://docs.opencart.com" target="_blank"><?php echo $text_documentation; ?></a></li>
LINE: 83
CODE: <li><a href="http://forum.opencart.com" target="_blank"><?php echo $text_support; ?></a></li>
LINE: 86
FILE: admin/view/template/catalog/product_form.tpl
CODE: <label class="col-sm-2 control-label" for="input-sku"><span data-toggle="tooltip" title="<?php echo $help_sku; ?>"><?php echo $entry_sku; ?></span></label>
LINE: 116
CODE: <label class="col-sm-2 control-label" for="input-sku">
LINE: 122
CODE: <label class="col-sm-2 control-label" for="input-location"><?php echo $entry_location; ?></label>
LINE: 162
CODE: <input type="text" name="model" value="<?php echo $model; ?>" placeholder="<?php echo $entry_model; ?>" id="input-model" class="form-control" />
LINE: 108
FILE: admin/view/template/common/menu.tpl
CODE: <li><a href="<?php echo $analytics; ?>"><?php echo $text_analytics; ?></a></li>
LINE: 25
CODE: <li><a href="<?php echo $total; ?>"><?php echo $text_total; ?></a></li>
LINE: 36
FILE: admin/model/catalog/category.php
CODE: if (isset($data['keyword'])) {
LINE: 49
FILE: admin/controller/tool/backup.php
CODE: $data['entry_backup'] = $this->language->get('entry_backup');
LINE: 38
FILE: admin/controller\tool\error_log.php
CODE: $this->response->addheader('Content-Disposition: attachment; filename=' . $this->config->get('config_name') . '_' . date('Y-m-d_H-i-s', time()) . '_error.log');
LINE: 95
FILE: admin/view/template/design/banner_form.tpl
CODE: html += '  <td class="text-right" style="width: 10%;><input type="text" name="banner_image[' + image_row + '][sort_order]" value="" placeholder="<?php echo $entry_sort_order; ?>" class="form-control" /></td>';
LINE: 106
----------------------------------------------------------------
MOD: Ajax поиск
FILE: catalog/model/catalog/product.php
CODE: public function getProducts($data = array()) {
LINE: 232
FILE: catalog/language/english/common/header.php
CODE: // Text
LINE: 14
FILE: catalog/language/russian/common/header.php
CODE: // Text
LINE: 14
FILE: catalog/controller/common/header.php
CODE: public function index() {
LINE: 30
CODE: public function index() {
LINE: 129
FILE: catalog/view/theme/default/template/common/header.tpl
CODE: </header>
LINE: 236
FILE: catalog/view/theme/mi/template/common/header.tpl
CODE: </header>
LINE: 290
FILE: admin/language/english/setting/setting.php
CODE: $_['heading_title']
LINE: 38
FILE: admin/language/russian/setting/setting.php
CODE: $_['heading_title']
LINE: 38
FILE: admin/controller/setting/setting.php
CODE: if (!$this->request->post['config_name']) {
LINE: 1343
CODE: $data['tab_server'] = $this->language->get('tab_server');
LINE: 279
CODE: if (isset($this->request->post['config_error_filename'])) {
LINE: 1465
FILE: admin/view/template/setting/setting.tpl
CODE: <li><a href="#tab-server" data-toggle="tab"><?php echo $tab_server; ?></a></li>
LINE: 53
CODE: <div class="tab-pane" id="tab-server">
LINE: 1484
----------------------------------------------------------------
MOD: Brand and Web template
FILE: catalog/controller/product/product.php
CODE: $this->document->addStyle('catalog/view/javascript/jquery/datetimepicker/bootstrap-datetimepicker.min.css');
LINE: 230
FILE: catalog/controller/product/search.php
CODE: 'filter_description'  => $description,
LINE: 202
FILE: catalog/controller/common/footer.php
CODE: $this->load->model('catalog/information');
LINE: 22
----------------------------------------------------------------
MOD: Дополнительные позиции BWtheme
FILE: admin/controller/design/layout.php
CODE: $this->response->setOutput($this->load->view('design/layout_form.tpl', $data));
LINE: 408
CODE: $data['text_column_right'] = $this->language->get('text_column_right');
LINE: 277
FILE: admin/language/english/design/layout.php
CODE: $_['text_column_right']
LINE: 21
FILE: admin/language/russian/design/layout.php
CODE: $_['text_column_right']
LINE: 21
CODE: $_['text_column_right']
LINE: 29
FILE: admin/view/template/design/layout_form.tpl
CODE: html += '    <option value="column_right"><?php echo $text_column_right; ?></option>';
LINE: 185
CODE: <option value="column_right"><?php echo $text_column_right; ?></option>
LINE: 129
FILE: catalog/controller/common/column_left.php
CODE: public function index() {
LINE: 93
CODE: <body class="<?php echo $class; ?>">
LINE: 44
CODE: <div class="upmenu"></div>
NOT FOUND!
CODE: <body class="<?php echo $class; ?>">
LINE: 45
CODE: <div class="upmenu"></div>
LINE: 139
FILE: catalog/view/theme/default/template/common/footer.tpl
CODE: <footer>
LINE: 5
CODE: <div class="container">
LINE: 11
CODE: <?php echo $powered; ?>
LINE: 56
CODE: <div class="col-sm-3 text-right snetwork">
NOT FOUND!
FILE: catalog/view/theme/mi/template/common/footer.tpl
CODE: <footer>
LINE: 5
CODE: <div class="container">
LINE: 11
CODE: <?php echo $powered; ?>
LINE: 60
CODE: <div class="col-sm-3 text-right snetwork">
LINE: 67
----------------------------------------------------------------
